{"/home/matt/Springboard/capstone-project-two-ad4f5fe1c1bd4f50aea07c40008c09e6/frontend/src/enums.js": {"path":"/home/matt/Springboard/capstone-project-two-ad4f5fe1c1bd4f50aea07c40008c09e6/frontend/src/enums.js","statementMap":{"0":{"start":{"line":1,"column":28},"end":{"line":5,"column":2}}},"fnMap":{},"branchMap":{},"s":{"0":6},"f":{},"b":{}}
,"/home/matt/Springboard/capstone-project-two-ad4f5fe1c1bd4f50aea07c40008c09e6/frontend/src/main.jsx": {"path":"/home/matt/Springboard/capstone-project-two-ad4f5fe1c1bd4f50aea07c40008c09e6/frontend/src/main.jsx","statementMap":{"0":{"start":{"line":7,"column":0},"end":{"line":13,"column":null}}},"fnMap":{},"branchMap":{},"s":{"0":0},"f":{},"b":{}}
,"/home/matt/Springboard/capstone-project-two-ad4f5fe1c1bd4f50aea07c40008c09e6/frontend/src/api/api.js": {"path":"/home/matt/Springboard/capstone-project-two-ad4f5fe1c1bd4f50aea07c40008c09e6/frontend/src/api/api.js","statementMap":{"0":{"start":{"line":3,"column":17},"end":{"line":3,"column":40}},"1":{"start":{"line":19,"column":16},"end":{"line":19,"column":41}},"2":{"start":{"line":20,"column":20},"end":{"line":20,"column":71}},"3":{"start":{"line":21,"column":19},"end":{"line":21,"column":47}},"4":{"start":{"line":23,"column":4},"end":{"line":33,"column":5}},"5":{"start":{"line":24,"column":6},"end":{"line":24,"column":72}},"6":{"start":{"line":26,"column":6},"end":{"line":26,"column":48}},"7":{"start":{"line":27,"column":21},"end":{"line":27,"column":61}},"8":{"start":{"line":29,"column":8},"end":{"line":29,"column":73}},"9":{"start":{"line":30,"column":20},"end":{"line":30,"column":38}},"10":{"start":{"line":31,"column":6},"end":{"line":31,"column":34}},"11":{"start":{"line":32,"column":6},"end":{"line":32,"column":16}},"12":{"start":{"line":40,"column":4},"end":{"line":45,"column":5}},"13":{"start":{"line":41,"column":23},"end":{"line":41,"column":66}},"14":{"start":{"line":42,"column":6},"end":{"line":42,"column":30}},"15":{"start":{"line":44,"column":6},"end":{"line":44,"column":16}},"16":{"start":{"line":50,"column":14},"end":{"line":50,"column":66}},"17":{"start":{"line":51,"column":4},"end":{"line":51,"column":22}},"18":{"start":{"line":56,"column":14},"end":{"line":56,"column":74}},"19":{"start":{"line":57,"column":4},"end":{"line":57,"column":22}},"20":{"start":{"line":62,"column":4},"end":{"line":62,"column":71}},"21":{"start":{"line":67,"column":4},"end":{"line":67,"column":65}},"22":{"start":{"line":72,"column":14},"end":{"line":72,"column":65}},"23":{"start":{"line":73,"column":4},"end":{"line":73,"column":25}},"24":{"start":{"line":78,"column":14},"end":{"line":78,"column":62}},"25":{"start":{"line":79,"column":4},"end":{"line":79,"column":31}},"26":{"start":{"line":84,"column":14},"end":{"line":84,"column":59}},"27":{"start":{"line":85,"column":4},"end":{"line":85,"column":24}},"28":{"start":{"line":89,"column":14},"end":{"line":89,"column":51}},"29":{"start":{"line":90,"column":4},"end":{"line":90,"column":20}},"30":{"start":{"line":94,"column":14},"end":{"line":94,"column":71}},"31":{"start":{"line":95,"column":4},"end":{"line":95,"column":20}},"32":{"start":{"line":100,"column":14},"end":{"line":100,"column":67}},"33":{"start":{"line":101,"column":4},"end":{"line":101,"column":21}},"34":{"start":{"line":106,"column":14},"end":{"line":106,"column":64}},"35":{"start":{"line":107,"column":4},"end":{"line":107,"column":21}}},"fnMap":{"0":{"name":"(anonymous_0)","decl":{"start":{"line":17,"column":2},"end":{"line":17,"column":8}},"loc":{"start":{"line":17,"column":60},"end":{"line":34,"column":3}}},"1":{"name":"(anonymous_1)","decl":{"start":{"line":39,"column":2},"end":{"line":39,"column":8}},"loc":{"start":{"line":39,"column":38},"end":{"line":46,"column":3}}},"2":{"name":"(anonymous_2)","decl":{"start":{"line":49,"column":2},"end":{"line":49,"column":8}},"loc":{"start":{"line":49,"column":45},"end":{"line":52,"column":3}}},"3":{"name":"(anonymous_3)","decl":{"start":{"line":55,"column":2},"end":{"line":55,"column":8}},"loc":{"start":{"line":55,"column":50},"end":{"line":58,"column":3}}},"4":{"name":"(anonymous_4)","decl":{"start":{"line":61,"column":2},"end":{"line":61,"column":8}},"loc":{"start":{"line":61,"column":48},"end":{"line":63,"column":3}}},"5":{"name":"(anonymous_5)","decl":{"start":{"line":66,"column":2},"end":{"line":66,"column":8}},"loc":{"start":{"line":66,"column":45},"end":{"line":68,"column":3}}},"6":{"name":"(anonymous_6)","decl":{"start":{"line":71,"column":2},"end":{"line":71,"column":8}},"loc":{"start":{"line":71,"column":44},"end":{"line":74,"column":3}}},"7":{"name":"(anonymous_7)","decl":{"start":{"line":77,"column":2},"end":{"line":77,"column":8}},"loc":{"start":{"line":77,"column":42},"end":{"line":80,"column":3}}},"8":{"name":"(anonymous_8)","decl":{"start":{"line":83,"column":2},"end":{"line":83,"column":8}},"loc":{"start":{"line":83,"column":46},"end":{"line":86,"column":3}}},"9":{"name":"(anonymous_9)","decl":{"start":{"line":88,"column":2},"end":{"line":88,"column":8}},"loc":{"start":{"line":88,"column":39},"end":{"line":91,"column":3}}},"10":{"name":"(anonymous_10)","decl":{"start":{"line":93,"column":2},"end":{"line":93,"column":8}},"loc":{"start":{"line":93,"column":46},"end":{"line":96,"column":3}}},"11":{"name":"(anonymous_11)","decl":{"start":{"line":99,"column":2},"end":{"line":99,"column":8}},"loc":{"start":{"line":99,"column":32},"end":{"line":102,"column":3}}},"12":{"name":"(anonymous_12)","decl":{"start":{"line":105,"column":2},"end":{"line":105,"column":8}},"loc":{"start":{"line":105,"column":31},"end":{"line":108,"column":3}}}},"branchMap":{"0":{"loc":{"start":{"line":17,"column":33},"end":{"line":17,"column":42}},"type":"default-arg","locations":[{"start":{"line":17,"column":40},"end":{"line":17,"column":42}}]},"1":{"loc":{"start":{"line":17,"column":44},"end":{"line":17,"column":58}},"type":"default-arg","locations":[{"start":{"line":17,"column":53},"end":{"line":17,"column":58}}]},"2":{"loc":{"start":{"line":21,"column":19},"end":{"line":21,"column":47}},"type":"cond-expr","locations":[{"start":{"line":21,"column":38},"end":{"line":21,"column":42}},{"start":{"line":21,"column":45},"end":{"line":21,"column":47}}]},"3":{"loc":{"start":{"line":27,"column":21},"end":{"line":27,"column":61}},"type":"cond-expr","locations":[{"start":{"line":27,"column":36},"end":{"line":27,"column":55}},{"start":{"line":27,"column":58},"end":{"line":27,"column":61}}]},"4":{"loc":{"start":{"line":29,"column":8},"end":{"line":29,"column":73}},"type":"binary-expr","locations":[{"start":{"line":29,"column":8},"end":{"line":29,"column":42}},{"start":{"line":29,"column":46},"end":{"line":29,"column":73}}]}},"s":{"0":8,"1":1,"2":1,"3":1,"4":1,"5":1,"6":0,"7":0,"8":0,"9":0,"10":0,"11":0,"12":0,"13":0,"14":0,"15":0,"16":1,"17":0,"18":0,"19":0,"20":0,"21":0,"22":0,"23":0,"24":0,"25":0,"26":0,"27":0,"28":0,"29":0,"30":0,"31":0,"32":0,"33":0,"34":0,"35":0},"f":{"0":1,"1":0,"2":1,"3":0,"4":0,"5":0,"6":0,"7":0,"8":0,"9":0,"10":0,"11":0,"12":0},"b":{"0":[1],"1":[1],"2":[1,0],"3":[0,0],"4":[0,0]}}
,"/home/matt/Springboard/capstone-project-two-ad4f5fe1c1bd4f50aea07c40008c09e6/frontend/src/components/App.jsx": {"path":"/home/matt/Springboard/capstone-project-two-ad4f5fe1c1bd4f50aea07c40008c09e6/frontend/src/components/App.jsx","statementMap":{"0":{"start":{"line":11,"column":25},"end":{"line":11,"column":null}},"1":{"start":{"line":14,"column":19},"end":{"line":14,"column":null}},"2":{"start":{"line":16,"column":28},"end":{"line":16,"column":null}},"3":{"start":{"line":17,"column":40},"end":{"line":17,"column":null}},"4":{"start":{"line":18,"column":42},"end":{"line":18,"column":null}},"5":{"start":{"line":19,"column":36},"end":{"line":19,"column":null}},"6":{"start":{"line":21,"column":2},"end":{"line":38,"column":null}},"7":{"start":{"line":23,"column":6},"end":{"line":33,"column":null}},"8":{"start":{"line":24,"column":8},"end":{"line":32,"column":null}},"9":{"start":{"line":25,"column":28},"end":{"line":25,"column":null}},"10":{"start":{"line":26,"column":10},"end":{"line":26,"column":null}},"11":{"start":{"line":27,"column":28},"end":{"line":27,"column":null}},"12":{"start":{"line":28,"column":10},"end":{"line":28,"column":null}},"13":{"start":{"line":30,"column":10},"end":{"line":30,"column":null}},"14":{"start":{"line":31,"column":10},"end":{"line":31,"column":null}},"15":{"start":{"line":34,"column":6},"end":{"line":34,"column":null}},"16":{"start":{"line":36,"column":4},"end":{"line":36,"column":null}},"17":{"start":{"line":37,"column":4},"end":{"line":37,"column":null}},"18":{"start":{"line":41,"column":4},"end":{"line":51,"column":null}},"19":{"start":{"line":42,"column":21},"end":{"line":42,"column":null}},"20":{"start":{"line":43,"column":6},"end":{"line":43,"column":null}},"21":{"start":{"line":44,"column":24},"end":{"line":44,"column":null}},"22":{"start":{"line":45,"column":24},"end":{"line":45,"column":null}},"23":{"start":{"line":46,"column":6},"end":{"line":46,"column":null}},"24":{"start":{"line":47,"column":6},"end":{"line":47,"column":null}},"25":{"start":{"line":49,"column":6},"end":{"line":49,"column":null}},"26":{"start":{"line":50,"column":6},"end":{"line":50,"column":null}},"27":{"start":{"line":55,"column":4},"end":{"line":55,"column":null}},"28":{"start":{"line":56,"column":4},"end":{"line":79,"column":null}},"29":{"start":{"line":57,"column":21},"end":{"line":57,"column":null}},"30":{"start":{"line":58,"column":6},"end":{"line":58,"column":null}},"31":{"start":{"line":60,"column":24},"end":{"line":60,"column":null}},"32":{"start":{"line":62,"column":6},"end":{"line":62,"column":null}},"33":{"start":{"line":65,"column":6},"end":{"line":71,"column":null}},"34":{"start":{"line":66,"column":8},"end":{"line":66,"column":null}},"35":{"start":{"line":68,"column":8},"end":{"line":68,"column":null}},"36":{"start":{"line":69,"column":8},"end":{"line":69,"column":null}},"37":{"start":{"line":70,"column":8},"end":{"line":70,"column":null}},"38":{"start":{"line":73,"column":6},"end":{"line":73,"column":null}},"39":{"start":{"line":74,"column":6},"end":{"line":74,"column":null}},"40":{"start":{"line":75,"column":6},"end":{"line":75,"column":null}},"41":{"start":{"line":77,"column":6},"end":{"line":77,"column":null}},"42":{"start":{"line":78,"column":6},"end":{"line":78,"column":null}},"43":{"start":{"line":83,"column":4},"end":{"line":83,"column":null}},"44":{"start":{"line":84,"column":4},"end":{"line":84,"column":null}},"45":{"start":{"line":85,"column":4},"end":{"line":85,"column":null}},"46":{"start":{"line":88,"column":2},"end":{"line":88,"column":null}},"47":{"start":{"line":88,"column":21},"end":{"line":88,"column":null}},"48":{"start":{"line":90,"column":2},"end":{"line":96,"column":null}}},"fnMap":{"0":{"name":"App","decl":{"start":{"line":13,"column":9},"end":{"line":13,"column":15}},"loc":{"start":{"line":13,"column":15},"end":{"line":98,"column":null}}},"1":{"name":"(anonymous_1)","decl":{"start":{"line":21,"column":12},"end":{"line":21,"column":18}},"loc":{"start":{"line":21,"column":18},"end":{"line":38,"column":5}}},"2":{"name":"getCurrentUser","decl":{"start":{"line":22,"column":19},"end":{"line":22,"column":36}},"loc":{"start":{"line":22,"column":36},"end":{"line":35,"column":null}}},"3":{"name":"signup","decl":{"start":{"line":40,"column":17},"end":{"line":40,"column":24}},"loc":{"start":{"line":40,"column":34},"end":{"line":52,"column":null}}},"4":{"name":"login","decl":{"start":{"line":54,"column":17},"end":{"line":54,"column":23}},"loc":{"start":{"line":54,"column":33},"end":{"line":80,"column":null}}},"5":{"name":"logout","decl":{"start":{"line":82,"column":11},"end":{"line":82,"column":20}},"loc":{"start":{"line":82,"column":20},"end":{"line":86,"column":null}}}},"branchMap":{"0":{"loc":{"start":{"line":23,"column":6},"end":{"line":33,"column":null}},"type":"if","locations":[{"start":{"line":23,"column":6},"end":{"line":33,"column":null}},{"start":{},"end":{}}]},"1":{"loc":{"start":{"line":88,"column":2},"end":{"line":88,"column":null}},"type":"if","locations":[{"start":{"line":88,"column":2},"end":{"line":88,"column":null}},{"start":{},"end":{}}]}},"s":{"0":1,"1":2,"2":2,"3":2,"4":2,"5":2,"6":2,"7":1,"8":0,"9":0,"10":0,"11":0,"12":0,"13":0,"14":0,"15":1,"16":1,"17":1,"18":0,"19":0,"20":0,"21":0,"22":0,"23":0,"24":0,"25":0,"26":0,"27":0,"28":0,"29":0,"30":0,"31":0,"32":0,"33":0,"34":0,"35":0,"36":0,"37":0,"38":0,"39":0,"40":0,"41":0,"42":0,"43":0,"44":0,"45":0,"46":2,"47":1,"48":1},"f":{"0":2,"1":1,"2":1,"3":0,"4":0,"5":0},"b":{"0":[0,1],"1":[1,1]}}
,"/home/matt/Springboard/capstone-project-two-ad4f5fe1c1bd4f50aea07c40008c09e6/frontend/src/components/AppRoutes.jsx": {"path":"/home/matt/Springboard/capstone-project-two-ad4f5fe1c1bd4f50aea07c40008c09e6/frontend/src/components/AppRoutes.jsx","statementMap":{"0":{"start":{"line":14,"column":18},"end":{"line":77,"column":null}},"1":{"start":{"line":15,"column":2},"end":{"line":75,"column":null}}},"fnMap":{"0":{"name":"(anonymous_0)","decl":{"start":{"line":14,"column":18},"end":{"line":14,"column":19}},"loc":{"start":{"line":14,"column":52},"end":{"line":77,"column":null}}}},"branchMap":{},"s":{"0":2,"1":7},"f":{"0":7},"b":{}}
,"/home/matt/Springboard/capstone-project-two-ad4f5fe1c1bd4f50aea07c40008c09e6/frontend/src/components/Choice.jsx": {"path":"/home/matt/Springboard/capstone-project-two-ad4f5fe1c1bd4f50aea07c40008c09e6/frontend/src/components/Choice.jsx","statementMap":{"0":{"start":{"line":5,"column":15},"end":{"line":93,"column":null}},"1":{"start":{"line":6,"column":46},"end":{"line":6,"column":null}},"2":{"start":{"line":8,"column":29},"end":{"line":11,"column":null}},"3":{"start":{"line":9,"column":4},"end":{"line":9,"column":null}},"4":{"start":{"line":10,"column":4},"end":{"line":10,"column":null}},"5":{"start":{"line":13,"column":4},"end":{"line":20,"column":null}},"6":{"start":{"line":18,"column":23},"end":{"line":18,"column":null}},"7":{"start":{"line":24,"column":4},"end":{"line":41,"column":null}},"8":{"start":{"line":26,"column":8},"end":{"line":39,"column":null}},"9":{"start":{"line":33,"column":28},"end":{"line":33,"column":null}},"10":{"start":{"line":44,"column":4},"end":{"line":73,"column":null}},"11":{"start":{"line":52,"column":26},"end":{"line":52,"column":null}},"12":{"start":{"line":66,"column":26},"end":{"line":66,"column":null}},"13":{"start":{"line":78,"column":2},"end":{"line":90,"column":null}},"14":{"start":{"line":80,"column":6},"end":{"line":80,"column":null}},"15":{"start":{"line":81,"column":6},"end":{"line":81,"column":null}},"16":{"start":{"line":83,"column":6},"end":{"line":83,"column":null}},"17":{"start":{"line":84,"column":6},"end":{"line":84,"column":null}},"18":{"start":{"line":86,"column":6},"end":{"line":86,"column":null}},"19":{"start":{"line":87,"column":6},"end":{"line":87,"column":null}},"20":{"start":{"line":89,"column":6},"end":{"line":89,"column":null}},"21":{"start":{"line":92,"column":2},"end":{"line":92,"column":null}}},"fnMap":{"0":{"name":"(anonymous_0)","decl":{"start":{"line":5,"column":15},"end":{"line":5,"column":16}},"loc":{"start":{"line":5,"column":76},"end":{"line":93,"column":null}}},"1":{"name":"(anonymous_1)","decl":{"start":{"line":8,"column":29},"end":{"line":8,"column":30}},"loc":{"start":{"line":8,"column":45},"end":{"line":11,"column":null}}},"2":{"name":"(anonymous_2)","decl":{"start":{"line":18,"column":16},"end":{"line":18,"column":17}},"loc":{"start":{"line":18,"column":23},"end":{"line":18,"column":null}}},"3":{"name":"(anonymous_3)","decl":{"start":{"line":25,"column":19},"end":{"line":25,"column":20}},"loc":{"start":{"line":26,"column":8},"end":{"line":39,"column":null}}},"4":{"name":"(anonymous_4)","decl":{"start":{"line":33,"column":22},"end":{"line":33,"column":28}},"loc":{"start":{"line":33,"column":28},"end":{"line":33,"column":null}}},"5":{"name":"(anonymous_5)","decl":{"start":{"line":52,"column":20},"end":{"line":52,"column":26}},"loc":{"start":{"line":52,"column":26},"end":{"line":52,"column":null}}},"6":{"name":"(anonymous_6)","decl":{"start":{"line":66,"column":20},"end":{"line":66,"column":26}},"loc":{"start":{"line":66,"column":26},"end":{"line":66,"column":null}}}},"branchMap":{"0":{"loc":{"start":{"line":5,"column":26},"end":{"line":5,"column":40}},"type":"default-arg","locations":[{"start":{"line":5,"column":36},"end":{"line":5,"column":40}}]},"1":{"loc":{"start":{"line":78,"column":2},"end":{"line":90,"column":null}},"type":"switch","locations":[{"start":{"line":79,"column":4},"end":{"line":81,"column":null}},{"start":{"line":82,"column":4},"end":{"line":84,"column":null}},{"start":{"line":85,"column":4},"end":{"line":87,"column":null}},{"start":{"line":88,"column":4},"end":{"line":89,"column":null}}]}},"s":{"0":5,"1":24,"2":24,"3":4,"4":4,"5":24,"6":2,"7":24,"8":40,"9":4,"10":24,"11":2,"12":1,"13":24,"14":6,"15":6,"16":12,"17":12,"18":6,"19":6,"20":0,"21":24},"f":{"0":24,"1":4,"2":2,"3":40,"4":4,"5":2,"6":1},"b":{"0":[2],"1":[6,12,6,0]}}
,"/home/matt/Springboard/capstone-project-two-ad4f5fe1c1bd4f50aea07c40008c09e6/frontend/src/components/CustomQuestion.jsx": {"path":"/home/matt/Springboard/capstone-project-two-ad4f5fe1c1bd4f50aea07c40008c09e6/frontend/src/components/CustomQuestion.jsx","statementMap":{"0":{"start":{"line":6,"column":23},"end":{"line":158,"column":null}},"1":{"start":{"line":16,"column":42},"end":{"line":16,"column":null}},"2":{"start":{"line":18,"column":29},"end":{"line":23,"column":null}},"3":{"start":{"line":19,"column":27},"end":{"line":21,"column":null}},"4":{"start":{"line":20,"column":6},"end":{"line":20,"column":null}},"5":{"start":{"line":22,"column":4},"end":{"line":22,"column":null}},"6":{"start":{"line":25,"column":31},"end":{"line":28,"column":null}},"7":{"start":{"line":26,"column":4},"end":{"line":26,"column":null}},"8":{"start":{"line":27,"column":4},"end":{"line":27,"column":null}},"9":{"start":{"line":30,"column":29},"end":{"line":34,"column":null}},"10":{"start":{"line":31,"column":4},"end":{"line":31,"column":null}},"11":{"start":{"line":32,"column":4},"end":{"line":32,"column":null}},"12":{"start":{"line":33,"column":4},"end":{"line":33,"column":null}},"13":{"start":{"line":36,"column":24},"end":{"line":53,"column":null}},"14":{"start":{"line":37,"column":4},"end":{"line":52,"column":null}},"15":{"start":{"line":38,"column":6},"end":{"line":51,"column":null}},"16":{"start":{"line":47,"column":25},"end":{"line":47,"column":null}},"17":{"start":{"line":55,"column":30},"end":{"line":155,"column":null}},"18":{"start":{"line":56,"column":4},"end":{"line":154,"column":null}},"19":{"start":{"line":58,"column":8},"end":{"line":83,"column":null}},"20":{"start":{"line":86,"column":8},"end":{"line":122,"column":null}},"21":{"start":{"line":125,"column":8},"end":{"line":150,"column":null}},"22":{"start":{"line":153,"column":8},"end":{"line":153,"column":null}},"23":{"start":{"line":157,"column":2},"end":{"line":157,"column":null}}},"fnMap":{"0":{"name":"(anonymous_0)","decl":{"start":{"line":6,"column":23},"end":{"line":6,"column":24}},"loc":{"start":{"line":15,"column":6},"end":{"line":158,"column":null}}},"1":{"name":"(anonymous_1)","decl":{"start":{"line":18,"column":29},"end":{"line":18,"column":30}},"loc":{"start":{"line":18,"column":57},"end":{"line":23,"column":null}}},"2":{"name":"(anonymous_2)","decl":{"start":{"line":19,"column":39},"end":{"line":19,"column":40}},"loc":{"start":{"line":20,"column":6},"end":{"line":20,"column":null}}},"3":{"name":"(anonymous_3)","decl":{"start":{"line":25,"column":31},"end":{"line":25,"column":32}},"loc":{"start":{"line":25,"column":38},"end":{"line":28,"column":null}}},"4":{"name":"(anonymous_4)","decl":{"start":{"line":30,"column":29},"end":{"line":30,"column":30}},"loc":{"start":{"line":30,"column":44},"end":{"line":34,"column":null}}},"5":{"name":"(anonymous_5)","decl":{"start":{"line":36,"column":24},"end":{"line":36,"column":30}},"loc":{"start":{"line":36,"column":30},"end":{"line":53,"column":null}}},"6":{"name":"(anonymous_6)","decl":{"start":{"line":37,"column":23},"end":{"line":37,"column":24}},"loc":{"start":{"line":38,"column":6},"end":{"line":51,"column":null}}},"7":{"name":"(anonymous_7)","decl":{"start":{"line":47,"column":19},"end":{"line":47,"column":25}},"loc":{"start":{"line":47,"column":25},"end":{"line":47,"column":null}}},"8":{"name":"(anonymous_8)","decl":{"start":{"line":55,"column":30},"end":{"line":55,"column":36}},"loc":{"start":{"line":55,"column":36},"end":{"line":155,"column":null}}}},"branchMap":{"0":{"loc":{"start":{"line":20,"column":6},"end":{"line":20,"column":null}},"type":"cond-expr","locations":[{"start":{"line":20,"column":39},"end":{"line":20,"column":68}},{"start":{"line":20,"column":68},"end":{"line":20,"column":null}}]},"1":{"loc":{"start":{"line":56,"column":4},"end":{"line":154,"column":null}},"type":"switch","locations":[{"start":{"line":57,"column":6},"end":{"line":83,"column":null}},{"start":{"line":85,"column":6},"end":{"line":122,"column":null}},{"start":{"line":124,"column":6},"end":{"line":150,"column":null}},{"start":{"line":152,"column":6},"end":{"line":153,"column":null}}]}},"s":{"0":3,"1":28,"2":28,"3":0,"4":0,"5":0,"6":28,"7":6,"8":6,"9":28,"10":0,"11":0,"12":0,"13":28,"14":14,"15":11,"16":0,"17":28,"18":28,"19":7,"20":14,"21":7,"22":0,"23":28},"f":{"0":28,"1":0,"2":0,"3":6,"4":0,"5":14,"6":11,"7":0,"8":28},"b":{"0":[0,0],"1":[7,14,7,0]}}
,"/home/matt/Springboard/capstone-project-two-ad4f5fe1c1bd4f50aea07c40008c09e6/frontend/src/components/Homepage.jsx": {"path":"/home/matt/Springboard/capstone-project-two-ad4f5fe1c1bd4f50aea07c40008c09e6/frontend/src/components/Homepage.jsx","statementMap":{"0":{"start":{"line":4,"column":17},"end":{"line":12,"column":null}},"1":{"start":{"line":5,"column":4},"end":{"line":10,"column":null}}},"fnMap":{"0":{"name":"(anonymous_0)","decl":{"start":{"line":4,"column":17},"end":{"line":4,"column":23}},"loc":{"start":{"line":4,"column":23},"end":{"line":12,"column":null}}}},"branchMap":{},"s":{"0":3,"1":5},"f":{"0":5},"b":{}}
,"/home/matt/Springboard/capstone-project-two-ad4f5fe1c1bd4f50aea07c40008c09e6/frontend/src/components/LoginForm.jsx": {"path":"/home/matt/Springboard/capstone-project-two-ad4f5fe1c1bd4f50aea07c40008c09e6/frontend/src/components/LoginForm.jsx","statementMap":{"0":{"start":{"line":5,"column":18},"end":{"line":71,"column":null}},"1":{"start":{"line":6,"column":19},"end":{"line":6,"column":null}},"2":{"start":{"line":7,"column":20},"end":{"line":10,"column":null}},"3":{"start":{"line":12,"column":34},"end":{"line":12,"column":null}},"4":{"start":{"line":13,"column":28},"end":{"line":13,"column":null}},"5":{"start":{"line":15,"column":23},"end":{"line":18,"column":null}},"6":{"start":{"line":16,"column":28},"end":{"line":16,"column":null}},"7":{"start":{"line":17,"column":4},"end":{"line":17,"column":null}},"8":{"start":{"line":17,"column":27},"end":{"line":17,"column":54}},"9":{"start":{"line":20,"column":23},"end":{"line":33,"column":null}},"10":{"start":{"line":21,"column":4},"end":{"line":21,"column":null}},"11":{"start":{"line":22,"column":14},"end":{"line":22,"column":null}},"12":{"start":{"line":23,"column":4},"end":{"line":32,"column":null}},"13":{"start":{"line":24,"column":6},"end":{"line":26,"column":null}},"14":{"start":{"line":25,"column":8},"end":{"line":25,"column":null}},"15":{"start":{"line":25,"column":39},"end":{"line":25,"column":62}},"16":{"start":{"line":27,"column":6},"end":{"line":27,"column":null}},"17":{"start":{"line":29,"column":6},"end":{"line":29,"column":null}},"18":{"start":{"line":30,"column":6},"end":{"line":30,"column":null}},"19":{"start":{"line":31,"column":6},"end":{"line":31,"column":null}},"20":{"start":{"line":31,"column":29},"end":{"line":31,"column":55}},"21":{"start":{"line":35,"column":2},"end":{"line":69,"column":null}}},"fnMap":{"0":{"name":"(anonymous_0)","decl":{"start":{"line":5,"column":18},"end":{"line":5,"column":19}},"loc":{"start":{"line":5,"column":44},"end":{"line":71,"column":null}}},"1":{"name":"(anonymous_1)","decl":{"start":{"line":15,"column":23},"end":{"line":15,"column":24}},"loc":{"start":{"line":15,"column":30},"end":{"line":18,"column":null}}},"2":{"name":"(anonymous_2)","decl":{"start":{"line":17,"column":16},"end":{"line":17,"column":17}},"loc":{"start":{"line":17,"column":27},"end":{"line":17,"column":54}}},"3":{"name":"(anonymous_3)","decl":{"start":{"line":20,"column":23},"end":{"line":20,"column":30}},"loc":{"start":{"line":20,"column":36},"end":{"line":33,"column":null}}},"4":{"name":"(anonymous_4)","decl":{"start":{"line":25,"column":26},"end":{"line":25,"column":27}},"loc":{"start":{"line":25,"column":39},"end":{"line":25,"column":62}}},"5":{"name":"(anonymous_5)","decl":{"start":{"line":31,"column":18},"end":{"line":31,"column":19}},"loc":{"start":{"line":31,"column":29},"end":{"line":31,"column":55}}}},"branchMap":{"0":{"loc":{"start":{"line":23,"column":4},"end":{"line":32,"column":null}},"type":"if","locations":[{"start":{"line":23,"column":4},"end":{"line":32,"column":null}},{"start":{"line":28,"column":11},"end":{"line":32,"column":null}}]},"1":{"loc":{"start":{"line":23,"column":8},"end":{"line":23,"column":33}},"type":"binary-expr","locations":[{"start":{"line":23,"column":8},"end":{"line":23,"column":23}},{"start":{"line":23,"column":23},"end":{"line":23,"column":33}}]},"2":{"loc":{"start":{"line":30,"column":15},"end":{"line":30,"column":64}},"type":"binary-expr","locations":[{"start":{"line":30,"column":15},"end":{"line":30,"column":30}},{"start":{"line":30,"column":30},"end":{"line":30,"column":64}}]},"3":{"loc":{"start":{"line":66,"column":9},"end":{"line":66,"column":null}},"type":"binary-expr","locations":[{"start":{"line":66,"column":9},"end":{"line":66,"column":18}},{"start":{"line":66,"column":18},"end":{"line":66,"column":null}}]}},"s":{"0":3,"1":12,"2":12,"3":12,"4":12,"5":12,"6":6,"7":6,"8":6,"9":12,"10":2,"11":2,"12":2,"13":1,"14":0,"15":0,"16":1,"17":1,"18":1,"19":1,"20":1,"21":12},"f":{"0":12,"1":6,"2":6,"3":2,"4":0,"5":1},"b":{"0":[1,1],"1":[2,1],"2":[1,1],"3":[12,1]}}
,"/home/matt/Springboard/capstone-project-two-ad4f5fe1c1bd4f50aea07c40008c09e6/frontend/src/components/NavBar.jsx": {"path":"/home/matt/Springboard/capstone-project-two-ad4f5fe1c1bd4f50aea07c40008c09e6/frontend/src/components/NavBar.jsx","statementMap":{"0":{"start":{"line":6,"column":15},"end":{"line":70,"column":null}},"1":{"start":{"line":7,"column":26},"end":{"line":7,"column":null}},"2":{"start":{"line":10,"column":4},"end":{"line":32,"column":null}},"3":{"start":{"line":37,"column":4},"end":{"line":54,"column":null}},"4":{"start":{"line":58,"column":2},"end":{"line":68,"column":null}}},"fnMap":{"0":{"name":"(anonymous_0)","decl":{"start":{"line":6,"column":15},"end":{"line":6,"column":16}},"loc":{"start":{"line":6,"column":31},"end":{"line":70,"column":null}}},"1":{"name":"loggedInNavBar","decl":{"start":{"line":9,"column":11},"end":{"line":9,"column":28}},"loc":{"start":{"line":9,"column":28},"end":{"line":34,"column":null}}},"2":{"name":"loggedOutNavBar","decl":{"start":{"line":36,"column":11},"end":{"line":36,"column":29}},"loc":{"start":{"line":36,"column":29},"end":{"line":56,"column":null}}}},"branchMap":{"0":{"loc":{"start":{"line":66,"column":9},"end":{"line":66,"column":null}},"type":"cond-expr","locations":[{"start":{"line":66,"column":23},"end":{"line":66,"column":42}},{"start":{"line":66,"column":42},"end":{"line":66,"column":null}}]}},"s":{"0":2,"1":4,"2":2,"3":2,"4":4},"f":{"0":4,"1":2,"2":2},"b":{"0":[2,2]}}
,"/home/matt/Springboard/capstone-project-two-ad4f5fe1c1bd4f50aea07c40008c09e6/frontend/src/components/NewSurveyForm.jsx": {"path":"/home/matt/Springboard/capstone-project-two-ad4f5fe1c1bd4f50aea07c40008c09e6/frontend/src/components/NewSurveyForm.jsx","statementMap":{"0":{"start":{"line":15,"column":22},"end":{"line":196,"column":null}},"1":{"start":{"line":16,"column":19},"end":{"line":16,"column":null}},"2":{"start":{"line":17,"column":26},"end":{"line":17,"column":null}},"3":{"start":{"line":19,"column":21},"end":{"line":23,"column":null}},"4":{"start":{"line":25,"column":34},"end":{"line":25,"column":null}},"5":{"start":{"line":27,"column":23},"end":{"line":30,"column":null}},"6":{"start":{"line":28,"column":28},"end":{"line":28,"column":null}},"7":{"start":{"line":29,"column":4},"end":{"line":29,"column":null}},"8":{"start":{"line":29,"column":27},"end":{"line":29,"column":54}},"9":{"start":{"line":32,"column":28},"end":{"line":45,"column":null}},"10":{"start":{"line":33,"column":4},"end":{"line":44,"column":null}},"11":{"start":{"line":33,"column":27},"end":{"line":44,"column":6}},"12":{"start":{"line":47,"column":31},"end":{"line":54,"column":null}},"13":{"start":{"line":48,"column":4},"end":{"line":53,"column":null}},"14":{"start":{"line":48,"column":27},"end":{"line":53,"column":6}},"15":{"start":{"line":51,"column":22},"end":{"line":51,"column":null}},"16":{"start":{"line":56,"column":31},"end":{"line":63,"column":null}},"17":{"start":{"line":57,"column":4},"end":{"line":62,"column":null}},"18":{"start":{"line":57,"column":27},"end":{"line":62,"column":6}},"19":{"start":{"line":60,"column":8},"end":{"line":60,"column":null}},"20":{"start":{"line":65,"column":26},"end":{"line":79,"column":null}},"21":{"start":{"line":66,"column":22},"end":{"line":66,"column":null}},"22":{"start":{"line":68,"column":4},"end":{"line":78,"column":null}},"23":{"start":{"line":68,"column":27},"end":{"line":78,"column":6}},"24":{"start":{"line":71,"column":8},"end":{"line":76,"column":null}},"25":{"start":{"line":81,"column":29},"end":{"line":98,"column":null}},"26":{"start":{"line":82,"column":4},"end":{"line":82,"column":null}},"27":{"start":{"line":83,"column":4},"end":{"line":83,"column":null}},"28":{"start":{"line":84,"column":29},"end":{"line":93,"column":null}},"29":{"start":{"line":85,"column":6},"end":{"line":92,"column":null}},"30":{"start":{"line":89,"column":26},"end":{"line":89,"column":null}},"31":{"start":{"line":94,"column":4},"end":{"line":97,"column":null}},"32":{"start":{"line":94,"column":27},"end":{"line":97,"column":6}},"33":{"start":{"line":100,"column":30},"end":{"line":109,"column":null}},"34":{"start":{"line":101,"column":4},"end":{"line":108,"column":null}},"35":{"start":{"line":101,"column":27},"end":{"line":108,"column":6}},"36":{"start":{"line":104,"column":8},"end":{"line":106,"column":null}},"37":{"start":{"line":111,"column":23},"end":{"line":117,"column":null}},"38":{"start":{"line":112,"column":4},"end":{"line":112,"column":null}},"39":{"start":{"line":113,"column":4},"end":{"line":113,"column":null}},"40":{"start":{"line":114,"column":14},"end":{"line":114,"column":null}},"41":{"start":{"line":115,"column":4},"end":{"line":115,"column":null}},"42":{"start":{"line":116,"column":4},"end":{"line":116,"column":null}},"43":{"start":{"line":119,"column":2},"end":{"line":194,"column":null}},"44":{"start":{"line":156,"column":14},"end":{"line":170,"column":null}},"45":{"start":{"line":162,"column":18},"end":{"line":162,"column":null}},"46":{"start":{"line":166,"column":35},"end":{"line":166,"column":null}},"47":{"start":{"line":168,"column":18},"end":{"line":168,"column":null}},"48":{"start":{"line":177,"column":25},"end":{"line":177,"column":null}},"49":{"start":{"line":182,"column":25},"end":{"line":182,"column":null}},"50":{"start":{"line":187,"column":25},"end":{"line":187,"column":null}}},"fnMap":{"0":{"name":"(anonymous_0)","decl":{"start":{"line":15,"column":22},"end":{"line":15,"column":28}},"loc":{"start":{"line":15,"column":28},"end":{"line":196,"column":null}}},"1":{"name":"(anonymous_1)","decl":{"start":{"line":27,"column":23},"end":{"line":27,"column":24}},"loc":{"start":{"line":27,"column":30},"end":{"line":30,"column":null}}},"2":{"name":"(anonymous_2)","decl":{"start":{"line":29,"column":16},"end":{"line":29,"column":17}},"loc":{"start":{"line":29,"column":27},"end":{"line":29,"column":54}}},"3":{"name":"(anonymous_3)","decl":{"start":{"line":32,"column":28},"end":{"line":32,"column":29}},"loc":{"start":{"line":32,"column":47},"end":{"line":45,"column":null}}},"4":{"name":"(anonymous_4)","decl":{"start":{"line":33,"column":16},"end":{"line":33,"column":17}},"loc":{"start":{"line":33,"column":27},"end":{"line":44,"column":6}}},"5":{"name":"(anonymous_5)","decl":{"start":{"line":47,"column":31},"end":{"line":47,"column":32}},"loc":{"start":{"line":47,"column":39},"end":{"line":54,"column":null}}},"6":{"name":"(anonymous_6)","decl":{"start":{"line":48,"column":16},"end":{"line":48,"column":17}},"loc":{"start":{"line":48,"column":27},"end":{"line":53,"column":6}}},"7":{"name":"(anonymous_7)","decl":{"start":{"line":51,"column":8},"end":{"line":51,"column":9}},"loc":{"start":{"line":51,"column":22},"end":{"line":51,"column":null}}},"8":{"name":"(anonymous_8)","decl":{"start":{"line":56,"column":31},"end":{"line":56,"column":32}},"loc":{"start":{"line":56,"column":54},"end":{"line":63,"column":null}}},"9":{"name":"(anonymous_9)","decl":{"start":{"line":57,"column":16},"end":{"line":57,"column":17}},"loc":{"start":{"line":57,"column":27},"end":{"line":62,"column":6}}},"10":{"name":"(anonymous_10)","decl":{"start":{"line":59,"column":36},"end":{"line":59,"column":37}},"loc":{"start":{"line":60,"column":8},"end":{"line":60,"column":null}}},"11":{"name":"(anonymous_11)","decl":{"start":{"line":65,"column":26},"end":{"line":65,"column":27}},"loc":{"start":{"line":65,"column":43},"end":{"line":79,"column":null}}},"12":{"name":"(anonymous_12)","decl":{"start":{"line":68,"column":16},"end":{"line":68,"column":17}},"loc":{"start":{"line":68,"column":27},"end":{"line":78,"column":6}}},"13":{"name":"(anonymous_13)","decl":{"start":{"line":70,"column":36},"end":{"line":70,"column":37}},"loc":{"start":{"line":71,"column":8},"end":{"line":76,"column":null}}},"14":{"name":"(anonymous_14)","decl":{"start":{"line":81,"column":29},"end":{"line":81,"column":30}},"loc":{"start":{"line":81,"column":64},"end":{"line":98,"column":null}}},"15":{"name":"(anonymous_15)","decl":{"start":{"line":84,"column":52},"end":{"line":84,"column":53}},"loc":{"start":{"line":85,"column":6},"end":{"line":92,"column":null}}},"16":{"name":"(anonymous_16)","decl":{"start":{"line":89,"column":14},"end":{"line":89,"column":15}},"loc":{"start":{"line":89,"column":26},"end":{"line":89,"column":null}}},"17":{"name":"(anonymous_17)","decl":{"start":{"line":94,"column":16},"end":{"line":94,"column":17}},"loc":{"start":{"line":94,"column":27},"end":{"line":97,"column":6}}},"18":{"name":"(anonymous_18)","decl":{"start":{"line":100,"column":30},"end":{"line":100,"column":31}},"loc":{"start":{"line":100,"column":63},"end":{"line":109,"column":null}}},"19":{"name":"(anonymous_19)","decl":{"start":{"line":101,"column":16},"end":{"line":101,"column":17}},"loc":{"start":{"line":101,"column":27},"end":{"line":108,"column":6}}},"20":{"name":"(anonymous_20)","decl":{"start":{"line":103,"column":36},"end":{"line":103,"column":37}},"loc":{"start":{"line":104,"column":8},"end":{"line":106,"column":null}}},"21":{"name":"(anonymous_21)","decl":{"start":{"line":111,"column":23},"end":{"line":111,"column":30}},"loc":{"start":{"line":111,"column":36},"end":{"line":117,"column":null}}},"22":{"name":"(anonymous_22)","decl":{"start":{"line":155,"column":35},"end":{"line":155,"column":36}},"loc":{"start":{"line":156,"column":14},"end":{"line":170,"column":null}}},"23":{"name":"(anonymous_23)","decl":{"start":{"line":161,"column":34},"end":{"line":161,"column":null}},"loc":{"start":{"line":162,"column":18},"end":{"line":162,"column":null}}},"24":{"name":"(anonymous_24)","decl":{"start":{"line":166,"column":29},"end":{"line":166,"column":35}},"loc":{"start":{"line":166,"column":35},"end":{"line":166,"column":null}}},"25":{"name":"(anonymous_25)","decl":{"start":{"line":167,"column":32},"end":{"line":167,"column":33}},"loc":{"start":{"line":168,"column":18},"end":{"line":168,"column":null}}},"26":{"name":"(anonymous_26)","decl":{"start":{"line":177,"column":19},"end":{"line":177,"column":25}},"loc":{"start":{"line":177,"column":25},"end":{"line":177,"column":null}}},"27":{"name":"(anonymous_27)","decl":{"start":{"line":182,"column":19},"end":{"line":182,"column":25}},"loc":{"start":{"line":182,"column":25},"end":{"line":182,"column":null}}},"28":{"name":"(anonymous_28)","decl":{"start":{"line":187,"column":19},"end":{"line":187,"column":25}},"loc":{"start":{"line":187,"column":25},"end":{"line":187,"column":null}}}},"branchMap":{"0":{"loc":{"start":{"line":60,"column":8},"end":{"line":60,"column":null}},"type":"cond-expr","locations":[{"start":{"line":60,"column":38},"end":{"line":60,"column":71}},{"start":{"line":60,"column":71},"end":{"line":60,"column":null}}]},"1":{"loc":{"start":{"line":71,"column":8},"end":{"line":76,"column":null}},"type":"cond-expr","locations":[{"start":{"line":72,"column":12},"end":{"line":75,"column":null}},{"start":{"line":76,"column":12},"end":{"line":76,"column":null}}]},"2":{"loc":{"start":{"line":85,"column":6},"end":{"line":92,"column":null}},"type":"cond-expr","locations":[{"start":{"line":86,"column":10},"end":{"line":91,"column":null}},{"start":{"line":92,"column":10},"end":{"line":92,"column":null}}]},"3":{"loc":{"start":{"line":104,"column":8},"end":{"line":106,"column":null}},"type":"cond-expr","locations":[{"start":{"line":105,"column":12},"end":{"line":105,"column":null}},{"start":{"line":106,"column":12},"end":{"line":106,"column":null}}]},"4":{"loc":{"start":{"line":150,"column":11},"end":{"line":171,"column":null}},"type":"cond-expr","locations":[{"start":{"line":151,"column":12},"end":{"line":153,"column":null}},{"start":{"line":155,"column":12},"end":{"line":171,"column":null}}]}},"s":{"0":3,"1":30,"2":30,"3":30,"4":30,"5":30,"6":0,"7":0,"8":0,"9":30,"10":11,"11":11,"12":30,"13":0,"14":0,"15":0,"16":30,"17":6,"18":6,"19":12,"20":30,"21":5,"22":5,"23":5,"24":5,"25":30,"26":0,"27":0,"28":0,"29":0,"30":0,"31":0,"32":0,"33":30,"34":0,"35":0,"36":0,"37":30,"38":1,"39":1,"40":1,"41":1,"42":1,"43":30,"44":28,"45":0,"46":5,"47":0,"48":3,"49":5,"50":3},"f":{"0":30,"1":0,"2":0,"3":11,"4":11,"5":0,"6":0,"7":0,"8":6,"9":6,"10":12,"11":5,"12":5,"13":5,"14":0,"15":0,"16":0,"17":0,"18":0,"19":0,"20":0,"21":1,"22":28,"23":0,"24":5,"25":0,"26":3,"27":5,"28":3},"b":{"0":[6,6],"1":[5,0],"2":[0,0],"3":[0,0],"4":[10,20]}}
,"/home/matt/Springboard/capstone-project-two-ad4f5fe1c1bd4f50aea07c40008c09e6/frontend/src/components/Option.jsx": {"path":"/home/matt/Springboard/capstone-project-two-ad4f5fe1c1bd4f50aea07c40008c09e6/frontend/src/components/Option.jsx","statementMap":{"0":{"start":{"line":4,"column":15},"end":{"line":14,"column":null}},"1":{"start":{"line":5,"column":23},"end":{"line":7,"column":null}},"2":{"start":{"line":6,"column":4},"end":{"line":6,"column":null}},"3":{"start":{"line":8,"column":2},"end":{"line":12,"column":null}}},"fnMap":{"0":{"name":"(anonymous_0)","decl":{"start":{"line":4,"column":15},"end":{"line":4,"column":16}},"loc":{"start":{"line":4,"column":47},"end":{"line":14,"column":null}}},"1":{"name":"(anonymous_1)","decl":{"start":{"line":5,"column":23},"end":{"line":5,"column":24}},"loc":{"start":{"line":5,"column":30},"end":{"line":7,"column":null}}}},"branchMap":{},"s":{"0":3,"1":11,"2":0,"3":11},"f":{"0":11,"1":0},"b":{}}
,"/home/matt/Springboard/capstone-project-two-ad4f5fe1c1bd4f50aea07c40008c09e6/frontend/src/components/ProtectedRoute.jsx": {"path":"/home/matt/Springboard/capstone-project-two-ad4f5fe1c1bd4f50aea07c40008c09e6/frontend/src/components/ProtectedRoute.jsx","statementMap":{"0":{"start":{"line":5,"column":23},"end":{"line":13,"column":null}},"1":{"start":{"line":6,"column":26},"end":{"line":6,"column":null}},"2":{"start":{"line":8,"column":2},"end":{"line":10,"column":null}},"3":{"start":{"line":9,"column":4},"end":{"line":9,"column":null}},"4":{"start":{"line":12,"column":2},"end":{"line":12,"column":null}}},"fnMap":{"0":{"name":"(anonymous_0)","decl":{"start":{"line":5,"column":23},"end":{"line":5,"column":24}},"loc":{"start":{"line":5,"column":41},"end":{"line":13,"column":null}}}},"branchMap":{"0":{"loc":{"start":{"line":8,"column":2},"end":{"line":10,"column":null}},"type":"if","locations":[{"start":{"line":8,"column":2},"end":{"line":10,"column":null}},{"start":{},"end":{}}]}},"s":{"0":2,"1":1,"2":1,"3":0,"4":1},"f":{"0":1},"b":{"0":[0,1]}}
,"/home/matt/Springboard/capstone-project-two-ad4f5fe1c1bd4f50aea07c40008c09e6/frontend/src/components/Question.jsx": {"path":"/home/matt/Springboard/capstone-project-two-ad4f5fe1c1bd4f50aea07c40008c09e6/frontend/src/components/Question.jsx","statementMap":{"0":{"start":{"line":5,"column":17},"end":{"line":22,"column":null}},"1":{"start":{"line":6,"column":31},"end":{"line":8,"column":null}},"2":{"start":{"line":7,"column":4},"end":{"line":7,"column":null}},"3":{"start":{"line":9,"column":2},"end":{"line":20,"column":null}},"4":{"start":{"line":16,"column":42},"end":{"line":16,"column":73}}},"fnMap":{"0":{"name":"(anonymous_0)","decl":{"start":{"line":5,"column":17},"end":{"line":5,"column":18}},"loc":{"start":{"line":5,"column":68},"end":{"line":22,"column":null}}},"1":{"name":"(anonymous_1)","decl":{"start":{"line":6,"column":31},"end":{"line":6,"column":32}},"loc":{"start":{"line":6,"column":45},"end":{"line":8,"column":null}}},"2":{"name":"(anonymous_2)","decl":{"start":{"line":16,"column":29},"end":{"line":16,"column":30}},"loc":{"start":{"line":16,"column":42},"end":{"line":16,"column":73}}}},"branchMap":{},"s":{"0":4,"1":18,"2":4,"3":18,"4":27},"f":{"0":18,"1":4,"2":27},"b":{}}
,"/home/matt/Springboard/capstone-project-two-ad4f5fe1c1bd4f50aea07c40008c09e6/frontend/src/components/Response.jsx": {"path":"/home/matt/Springboard/capstone-project-two-ad4f5fe1c1bd4f50aea07c40008c09e6/frontend/src/components/Response.jsx","statementMap":{"0":{"start":{"line":5,"column":17},"end":{"line":35,"column":null}},"1":{"start":{"line":6,"column":34},"end":{"line":6,"column":null}},"2":{"start":{"line":8,"column":2},"end":{"line":10,"column":null}},"3":{"start":{"line":9,"column":4},"end":{"line":9,"column":null}},"4":{"start":{"line":13,"column":4},"end":{"line":18,"column":null}},"5":{"start":{"line":14,"column":16},"end":{"line":14,"column":null}},"6":{"start":{"line":15,"column":6},"end":{"line":15,"column":null}},"7":{"start":{"line":17,"column":6},"end":{"line":17,"column":null}},"8":{"start":{"line":21,"column":2},"end":{"line":21,"column":null}},"9":{"start":{"line":21,"column":17},"end":{"line":21,"column":null}},"10":{"start":{"line":23,"column":2},"end":{"line":33,"column":null}},"11":{"start":{"line":29,"column":8},"end":{"line":31,"column":null}}},"fnMap":{"0":{"name":"(anonymous_0)","decl":{"start":{"line":5,"column":17},"end":{"line":5,"column":18}},"loc":{"start":{"line":5,"column":52},"end":{"line":35,"column":null}}},"1":{"name":"(anonymous_1)","decl":{"start":{"line":8,"column":12},"end":{"line":8,"column":18}},"loc":{"start":{"line":8,"column":18},"end":{"line":10,"column":5}}},"2":{"name":"getSingleResponse","decl":{"start":{"line":12,"column":17},"end":{"line":12,"column":37}},"loc":{"start":{"line":12,"column":37},"end":{"line":19,"column":null}}},"3":{"name":"(anonymous_3)","decl":{"start":{"line":28,"column":28},"end":{"line":28,"column":29}},"loc":{"start":{"line":29,"column":8},"end":{"line":31,"column":null}}}},"branchMap":{"0":{"loc":{"start":{"line":21,"column":2},"end":{"line":21,"column":null}},"type":"if","locations":[{"start":{"line":21,"column":2},"end":{"line":21,"column":null}},{"start":{},"end":{}}]}},"s":{"0":1,"1":4,"2":4,"3":3,"4":3,"5":3,"6":1,"7":1,"8":4,"9":3,"10":1,"11":2},"f":{"0":4,"1":3,"2":3,"3":2},"b":{"0":[3,1]}}
,"/home/matt/Springboard/capstone-project-two-ad4f5fe1c1bd4f50aea07c40008c09e6/frontend/src/components/ResponseSummary.jsx": {"path":"/home/matt/Springboard/capstone-project-two-ad4f5fe1c1bd4f50aea07c40008c09e6/frontend/src/components/ResponseSummary.jsx","statementMap":{"0":{"start":{"line":9,"column":15},"end":{"line":9,"column":null}},"1":{"start":{"line":11,"column":16},"end":{"line":11,"column":null}},"2":{"start":{"line":12,"column":14},"end":{"line":12,"column":null}},"3":{"start":{"line":13,"column":15},"end":{"line":13,"column":null}},"4":{"start":{"line":14,"column":16},"end":{"line":14,"column":null}},"5":{"start":{"line":15,"column":18},"end":{"line":15,"column":null}},"6":{"start":{"line":17,"column":2},"end":{"line":17,"column":null}},"7":{"start":{"line":20,"column":24},"end":{"line":182,"column":null}},"8":{"start":{"line":21,"column":24},"end":{"line":21,"column":null}},"9":{"start":{"line":22,"column":19},"end":{"line":22,"column":null}},"10":{"start":{"line":23,"column":26},"end":{"line":23,"column":null}},"11":{"start":{"line":25,"column":36},"end":{"line":25,"column":null}},"12":{"start":{"line":26,"column":36},"end":{"line":26,"column":null}},"13":{"start":{"line":27,"column":42},"end":{"line":27,"column":null}},"14":{"start":{"line":28,"column":30},"end":{"line":28,"column":null}},"15":{"start":{"line":30,"column":2},"end":{"line":33,"column":null}},"16":{"start":{"line":31,"column":4},"end":{"line":31,"column":null}},"17":{"start":{"line":32,"column":4},"end":{"line":32,"column":null}},"18":{"start":{"line":36,"column":14},"end":{"line":36,"column":null}},"19":{"start":{"line":37,"column":4},"end":{"line":42,"column":null}},"20":{"start":{"line":38,"column":48},"end":{"line":38,"column":null}},"21":{"start":{"line":39,"column":6},"end":{"line":39,"column":null}},"22":{"start":{"line":40,"column":6},"end":{"line":40,"column":null}},"23":{"start":{"line":41,"column":6},"end":{"line":41,"column":null}},"24":{"start":{"line":46,"column":20},"end":{"line":46,"column":null}},"25":{"start":{"line":47,"column":4},"end":{"line":47,"column":null}},"26":{"start":{"line":52,"column":24},"end":{"line":70,"column":null}},"27":{"start":{"line":53,"column":69},"end":{"line":53,"column":null}},"28":{"start":{"line":56,"column":26},"end":{"line":56,"column":null}},"29":{"start":{"line":56,"column":45},"end":{"line":56,"column":72}},"30":{"start":{"line":57,"column":6},"end":{"line":60,"column":null}},"31":{"start":{"line":58,"column":8},"end":{"line":58,"column":null}},"32":{"start":{"line":59,"column":8},"end":{"line":59,"column":null}},"33":{"start":{"line":63,"column":6},"end":{"line":67,"column":null}},"34":{"start":{"line":69,"column":6},"end":{"line":69,"column":null}},"35":{"start":{"line":73,"column":22},"end":{"line":86,"column":null}},"36":{"start":{"line":74,"column":27},"end":{"line":77,"column":null}},"37":{"start":{"line":75,"column":8},"end":{"line":75,"column":null}},"38":{"start":{"line":76,"column":8},"end":{"line":76,"column":null}},"39":{"start":{"line":79,"column":6},"end":{"line":85,"column":null}},"40":{"start":{"line":81,"column":60},"end":{"line":84,"column":10}},"41":{"start":{"line":88,"column":20},"end":{"line":92,"column":null}},"42":{"start":{"line":91,"column":32},"end":{"line":91,"column":38}},"43":{"start":{"line":93,"column":22},"end":{"line":106,"column":null}},"44":{"start":{"line":94,"column":6},"end":{"line":104,"column":null}},"45":{"start":{"line":95,"column":18},"end":{"line":95,"column":null}},"46":{"start":{"line":95,"column":36},"end":{"line":95,"column":72}},"47":{"start":{"line":96,"column":8},"end":{"line":102,"column":null}},"48":{"start":{"line":97,"column":10},"end":{"line":100,"column":null}},"49":{"start":{"line":101,"column":10},"end":{"line":101,"column":null}},"50":{"start":{"line":103,"column":8},"end":{"line":103,"column":null}},"51":{"start":{"line":105,"column":6},"end":{"line":105,"column":null}},"52":{"start":{"line":107,"column":4},"end":{"line":107,"column":null}},"53":{"start":{"line":111,"column":4},"end":{"line":115,"column":null}},"54":{"start":{"line":112,"column":6},"end":{"line":112,"column":null}},"55":{"start":{"line":114,"column":6},"end":{"line":114,"column":null}},"56":{"start":{"line":118,"column":2},"end":{"line":134,"column":null}},"57":{"start":{"line":119,"column":4},"end":{"line":132,"column":null}},"58":{"start":{"line":136,"column":2},"end":{"line":180,"column":null}},"59":{"start":{"line":147,"column":23},"end":{"line":147,"column":null}},"60":{"start":{"line":153,"column":10},"end":{"line":156,"column":null}},"61":{"start":{"line":165,"column":16},"end":{"line":165,"column":null}},"62":{"start":{"line":171,"column":14},"end":{"line":175,"column":null}},"63":{"start":{"line":173,"column":18},"end":{"line":173,"column":null}}},"fnMap":{"0":{"name":"formatTimestamp","decl":{"start":{"line":8,"column":9},"end":{"line":8,"column":25}},"loc":{"start":{"line":8,"column":36},"end":{"line":18,"column":null}}},"1":{"name":"(anonymous_1)","decl":{"start":{"line":20,"column":24},"end":{"line":20,"column":30}},"loc":{"start":{"line":20,"column":30},"end":{"line":182,"column":null}}},"2":{"name":"(anonymous_2)","decl":{"start":{"line":30,"column":12},"end":{"line":30,"column":18}},"loc":{"start":{"line":30,"column":18},"end":{"line":33,"column":5}}},"3":{"name":"findResponseData","decl":{"start":{"line":35,"column":17},"end":{"line":35,"column":36}},"loc":{"start":{"line":35,"column":36},"end":{"line":43,"column":null}}},"4":{"name":"getSurveyInfo","decl":{"start":{"line":45,"column":17},"end":{"line":45,"column":33}},"loc":{"start":{"line":45,"column":33},"end":{"line":48,"column":null}}},"5":{"name":"transformChartData","decl":{"start":{"line":50,"column":11},"end":{"line":50,"column":30}},"loc":{"start":{"line":50,"column":44},"end":{"line":108,"column":null}}},"6":{"name":"(anonymous_6)","decl":{"start":{"line":52,"column":44},"end":{"line":52,"column":45}},"loc":{"start":{"line":52,"column":59},"end":{"line":70,"column":7}}},"7":{"name":"(anonymous_7)","decl":{"start":{"line":56,"column":35},"end":{"line":56,"column":36}},"loc":{"start":{"line":56,"column":45},"end":{"line":56,"column":72}}},"8":{"name":"(anonymous_8)","decl":{"start":{"line":73,"column":38},"end":{"line":73,"column":39}},"loc":{"start":{"line":73,"column":52},"end":{"line":86,"column":5}}},"9":{"name":"(anonymous_9)","decl":{"start":{"line":74,"column":53},"end":{"line":74,"column":54}},"loc":{"start":{"line":74,"column":74},"end":{"line":77,"column":9}}},"10":{"name":"(anonymous_10)","decl":{"start":{"line":81,"column":47},"end":{"line":81,"column":48}},"loc":{"start":{"line":81,"column":60},"end":{"line":84,"column":10}}},"11":{"name":"(anonymous_11)","decl":{"start":{"line":91,"column":25},"end":{"line":91,"column":26}},"loc":{"start":{"line":91,"column":32},"end":{"line":91,"column":38}}},"12":{"name":"(anonymous_12)","decl":{"start":{"line":93,"column":41},"end":{"line":93,"column":42}},"loc":{"start":{"line":93,"column":60},"end":{"line":106,"column":7}}},"13":{"name":"(anonymous_13)","decl":{"start":{"line":94,"column":33},"end":{"line":94,"column":34}},"loc":{"start":{"line":94,"column":40},"end":{"line":104,"column":7}}},"14":{"name":"(anonymous_14)","decl":{"start":{"line":95,"column":27},"end":{"line":95,"column":28}},"loc":{"start":{"line":95,"column":36},"end":{"line":95,"column":72}}},"15":{"name":"returnToSurveyList","decl":{"start":{"line":110,"column":11},"end":{"line":110,"column":32}},"loc":{"start":{"line":110,"column":32},"end":{"line":116,"column":null}}},"16":{"name":"(anonymous_16)","decl":{"start":{"line":147,"column":17},"end":{"line":147,"column":23}},"loc":{"start":{"line":147,"column":23},"end":{"line":147,"column":null}}},"17":{"name":"(anonymous_17)","decl":{"start":{"line":152,"column":23},"end":{"line":152,"column":24}},"loc":{"start":{"line":153,"column":10},"end":{"line":156,"column":null}}},"18":{"name":"(anonymous_18)","decl":{"start":{"line":164,"column":32},"end":{"line":164,"column":33}},"loc":{"start":{"line":165,"column":16},"end":{"line":165,"column":null}}},"19":{"name":"(anonymous_19)","decl":{"start":{"line":170,"column":27},"end":{"line":170,"column":28}},"loc":{"start":{"line":171,"column":14},"end":{"line":175,"column":null}}},"20":{"name":"(anonymous_20)","decl":{"start":{"line":172,"column":34},"end":{"line":172,"column":35}},"loc":{"start":{"line":173,"column":18},"end":{"line":173,"column":null}}}},"branchMap":{"0":{"loc":{"start":{"line":37,"column":4},"end":{"line":42,"column":null}},"type":"if","locations":[{"start":{"line":37,"column":4},"end":{"line":42,"column":null}},{"start":{},"end":{}}]},"1":{"loc":{"start":{"line":57,"column":6},"end":{"line":60,"column":null}},"type":"if","locations":[{"start":{"line":57,"column":6},"end":{"line":60,"column":null}},{"start":{},"end":{}}]},"2":{"loc":{"start":{"line":75,"column":23},"end":{"line":75,"column":43}},"type":"binary-expr","locations":[{"start":{"line":75,"column":23},"end":{"line":75,"column":38}},{"start":{"line":75,"column":38},"end":{"line":75,"column":43}}]},"3":{"loc":{"start":{"line":96,"column":8},"end":{"line":102,"column":null}},"type":"if","locations":[{"start":{"line":96,"column":8},"end":{"line":102,"column":null}},{"start":{},"end":{}}]},"4":{"loc":{"start":{"line":111,"column":4},"end":{"line":115,"column":null}},"type":"if","locations":[{"start":{"line":111,"column":4},"end":{"line":115,"column":null}},{"start":{"line":113,"column":11},"end":{"line":115,"column":null}}]},"5":{"loc":{"start":{"line":111,"column":8},"end":{"line":111,"column":39}},"type":"binary-expr","locations":[{"start":{"line":111,"column":8},"end":{"line":111,"column":23}},{"start":{"line":111,"column":23},"end":{"line":111,"column":39}}]},"6":{"loc":{"start":{"line":118,"column":2},"end":{"line":134,"column":null}},"type":"if","locations":[{"start":{"line":118,"column":2},"end":{"line":134,"column":null}},{"start":{},"end":{}}]},"7":{"loc":{"start":{"line":118,"column":6},"end":{"line":118,"column":56}},"type":"binary-expr","locations":[{"start":{"line":118,"column":6},"end":{"line":118,"column":32}},{"start":{"line":118,"column":32},"end":{"line":118,"column":56}}]},"8":{"loc":{"start":{"line":173,"column":38},"end":{"line":173,"column":56}},"type":"binary-expr","locations":[{"start":{"line":173,"column":38},"end":{"line":173,"column":53}},{"start":{"line":173,"column":53},"end":{"line":173,"column":56}}]}},"s":{"0":2,"1":2,"2":2,"3":2,"4":2,"5":2,"6":2,"7":3,"8":4,"9":4,"10":4,"11":4,"12":4,"13":4,"14":4,"15":4,"16":2,"17":2,"18":2,"19":2,"20":2,"21":2,"22":2,"23":2,"24":2,"25":2,"26":2,"27":2,"28":2,"29":0,"30":2,"31":2,"32":2,"33":2,"34":2,"35":2,"36":2,"37":2,"38":2,"39":2,"40":2,"41":2,"42":2,"43":2,"44":2,"45":2,"46":0,"47":2,"48":2,"49":2,"50":2,"51":2,"52":2,"53":0,"54":0,"55":0,"56":4,"57":2,"58":2,"59":0,"60":2,"61":6,"62":2,"63":6},"f":{"0":2,"1":4,"2":2,"3":2,"4":2,"5":2,"6":2,"7":0,"8":2,"9":2,"10":2,"11":2,"12":2,"13":2,"14":0,"15":0,"16":0,"17":2,"18":6,"19":2,"20":6},"b":{"0":[2,0],"1":[2,0],"2":[2,2],"3":[2,0],"4":[0,0],"5":[0,0],"6":[2,2],"7":[4,2],"8":[6,0]}}
,"/home/matt/Springboard/capstone-project-two-ad4f5fe1c1bd4f50aea07c40008c09e6/frontend/src/components/SignUpForm.jsx": {"path":"/home/matt/Springboard/capstone-project-two-ad4f5fe1c1bd4f50aea07c40008c09e6/frontend/src/components/SignUpForm.jsx","statementMap":{"0":{"start":{"line":5,"column":19},"end":{"line":95,"column":null}},"1":{"start":{"line":6,"column":19},"end":{"line":6,"column":null}},"2":{"start":{"line":7,"column":21},"end":{"line":13,"column":null}},"3":{"start":{"line":14,"column":34},"end":{"line":14,"column":null}},"4":{"start":{"line":16,"column":23},"end":{"line":19,"column":null}},"5":{"start":{"line":17,"column":28},"end":{"line":17,"column":null}},"6":{"start":{"line":18,"column":4},"end":{"line":18,"column":null}},"7":{"start":{"line":18,"column":27},"end":{"line":18,"column":54}},"8":{"start":{"line":22,"column":4},"end":{"line":22,"column":null}},"9":{"start":{"line":23,"column":14},"end":{"line":23,"column":null}},"10":{"start":{"line":24,"column":4},"end":{"line":24,"column":null}},"11":{"start":{"line":25,"column":4},"end":{"line":29,"column":null}},"12":{"start":{"line":26,"column":6},"end":{"line":26,"column":null}},"13":{"start":{"line":28,"column":6},"end":{"line":28,"column":null}},"14":{"start":{"line":30,"column":4},"end":{"line":30,"column":null}},"15":{"start":{"line":31,"column":4},"end":{"line":31,"column":null}},"16":{"start":{"line":34,"column":2},"end":{"line":93,"column":null}}},"fnMap":{"0":{"name":"(anonymous_0)","decl":{"start":{"line":5,"column":19},"end":{"line":5,"column":20}},"loc":{"start":{"line":5,"column":35},"end":{"line":95,"column":null}}},"1":{"name":"(anonymous_1)","decl":{"start":{"line":16,"column":23},"end":{"line":16,"column":24}},"loc":{"start":{"line":16,"column":30},"end":{"line":19,"column":null}}},"2":{"name":"(anonymous_2)","decl":{"start":{"line":18,"column":16},"end":{"line":18,"column":17}},"loc":{"start":{"line":18,"column":27},"end":{"line":18,"column":54}}},"3":{"name":"handleSubmit","decl":{"start":{"line":21,"column":17},"end":{"line":21,"column":30}},"loc":{"start":{"line":21,"column":33},"end":{"line":32,"column":null}}}},"branchMap":{"0":{"loc":{"start":{"line":25,"column":4},"end":{"line":29,"column":null}},"type":"if","locations":[{"start":{"line":25,"column":4},"end":{"line":29,"column":null}},{"start":{"line":27,"column":11},"end":{"line":29,"column":null}}]}},"s":{"0":3,"1":7,"2":7,"3":7,"4":7,"5":4,"6":4,"7":4,"8":0,"9":0,"10":0,"11":0,"12":0,"13":0,"14":0,"15":0,"16":7},"f":{"0":7,"1":4,"2":4,"3":0},"b":{"0":[0,0]}}
,"/home/matt/Springboard/capstone-project-two-ad4f5fe1c1bd4f50aea07c40008c09e6/frontend/src/components/SimpleBarChart.jsx": {"path":"/home/matt/Springboard/capstone-project-two-ad4f5fe1c1bd4f50aea07c40008c09e6/frontend/src/components/SimpleBarChart.jsx","statementMap":{"0":{"start":{"line":14,"column":23},"end":{"line":45,"column":null}},"1":{"start":{"line":15,"column":2},"end":{"line":45,"column":null}},"2":{"start":{"line":38,"column":27},"end":{"line":38,"column":41}},"3":{"start":{"line":40,"column":12},"end":{"line":42,"column":null}}},"fnMap":{"0":{"name":"(anonymous_0)","decl":{"start":{"line":14,"column":23},"end":{"line":14,"column":24}},"loc":{"start":{"line":15,"column":2},"end":{"line":45,"column":null}}},"1":{"name":"(anonymous_1)","decl":{"start":{"line":38,"column":18},"end":{"line":38,"column":19}},"loc":{"start":{"line":38,"column":27},"end":{"line":38,"column":41}}},"2":{"name":"(anonymous_2)","decl":{"start":{"line":39,"column":15},"end":{"line":39,"column":16}},"loc":{"start":{"line":40,"column":12},"end":{"line":42,"column":null}}}},"branchMap":{"0":{"loc":{"start":{"line":14,"column":26},"end":{"line":14,"column":36}},"type":"default-arg","locations":[{"start":{"line":14,"column":33},"end":{"line":14,"column":36}}]},"1":{"loc":{"start":{"line":36,"column":7},"end":{"line":43,"column":null}},"type":"binary-expr","locations":[{"start":{"line":36,"column":7},"end":{"line":36,"column":null}},{"start":{"line":37,"column":8},"end":{"line":43,"column":null}}]}},"s":{"0":3,"1":2,"2":4,"3":2},"f":{"0":2,"1":4,"2":2},"b":{"0":[0],"1":[2,2]}}
,"/home/matt/Springboard/capstone-project-two-ad4f5fe1c1bd4f50aea07c40008c09e6/frontend/src/components/Survey.jsx": {"path":"/home/matt/Springboard/capstone-project-two-ad4f5fe1c1bd4f50aea07c40008c09e6/frontend/src/components/Survey.jsx","statementMap":{"0":{"start":{"line":9,"column":15},"end":{"line":103,"column":null}},"1":{"start":{"line":10,"column":33},"end":{"line":10,"column":null}},"2":{"start":{"line":11,"column":26},"end":{"line":11,"column":null}},"3":{"start":{"line":12,"column":19},"end":{"line":12,"column":null}},"4":{"start":{"line":14,"column":30},"end":{"line":14,"column":null}},"5":{"start":{"line":15,"column":40},"end":{"line":15,"column":null}},"6":{"start":{"line":16,"column":36},"end":{"line":16,"column":null}},"7":{"start":{"line":17,"column":36},"end":{"line":17,"column":null}},"8":{"start":{"line":19,"column":2},"end":{"line":32,"column":null}},"9":{"start":{"line":20,"column":28},"end":{"line":29,"column":null}},"10":{"start":{"line":21,"column":6},"end":{"line":28,"column":null}},"11":{"start":{"line":22,"column":24},"end":{"line":22,"column":null}},"12":{"start":{"line":23,"column":8},"end":{"line":23,"column":null}},"13":{"start":{"line":24,"column":8},"end":{"line":24,"column":null}},"14":{"start":{"line":26,"column":8},"end":{"line":26,"column":null}},"15":{"start":{"line":27,"column":8},"end":{"line":27,"column":null}},"16":{"start":{"line":31,"column":4},"end":{"line":31,"column":null}},"17":{"start":{"line":34,"column":31},"end":{"line":39,"column":null}},"18":{"start":{"line":35,"column":4},"end":{"line":38,"column":null}},"19":{"start":{"line":35,"column":37},"end":{"line":38,"column":6}},"20":{"start":{"line":41,"column":23},"end":{"line":49,"column":null}},"21":{"start":{"line":42,"column":4},"end":{"line":42,"column":null}},"22":{"start":{"line":43,"column":27},"end":{"line":46,"column":null}},"23":{"start":{"line":47,"column":4},"end":{"line":47,"column":null}},"24":{"start":{"line":51,"column":2},"end":{"line":51,"column":null}},"25":{"start":{"line":51,"column":19},"end":{"line":51,"column":null}},"26":{"start":{"line":52,"column":2},"end":{"line":56,"column":null}},"27":{"start":{"line":53,"column":4},"end":{"line":56,"column":null}},"28":{"start":{"line":59,"column":2},"end":{"line":101,"column":null}},"29":{"start":{"line":67,"column":14},"end":{"line":67,"column":null}},"30":{"start":{"line":87,"column":12},"end":{"line":94,"column":null}}},"fnMap":{"0":{"name":"(anonymous_0)","decl":{"start":{"line":9,"column":15},"end":{"line":9,"column":21}},"loc":{"start":{"line":9,"column":21},"end":{"line":103,"column":null}}},"1":{"name":"(anonymous_1)","decl":{"start":{"line":19,"column":12},"end":{"line":19,"column":18}},"loc":{"start":{"line":19,"column":18},"end":{"line":32,"column":5}}},"2":{"name":"(anonymous_2)","decl":{"start":{"line":20,"column":28},"end":{"line":20,"column":40}},"loc":{"start":{"line":20,"column":40},"end":{"line":29,"column":null}}},"3":{"name":"(anonymous_3)","decl":{"start":{"line":34,"column":31},"end":{"line":34,"column":32}},"loc":{"start":{"line":34,"column":57},"end":{"line":39,"column":null}}},"4":{"name":"(anonymous_4)","decl":{"start":{"line":35,"column":17},"end":{"line":35,"column":18}},"loc":{"start":{"line":35,"column":37},"end":{"line":38,"column":6}}},"5":{"name":"(anonymous_5)","decl":{"start":{"line":41,"column":23},"end":{"line":41,"column":24}},"loc":{"start":{"line":41,"column":30},"end":{"line":49,"column":null}}},"6":{"name":"(anonymous_6)","decl":{"start":{"line":66,"column":21},"end":{"line":66,"column":null}},"loc":{"start":{"line":67,"column":14},"end":{"line":67,"column":null}}},"7":{"name":"(anonymous_7)","decl":{"start":{"line":86,"column":32},"end":{"line":86,"column":33}},"loc":{"start":{"line":87,"column":12},"end":{"line":94,"column":null}}}},"branchMap":{"0":{"loc":{"start":{"line":51,"column":2},"end":{"line":51,"column":null}},"type":"if","locations":[{"start":{"line":51,"column":2},"end":{"line":51,"column":null}},{"start":{},"end":{}}]},"1":{"loc":{"start":{"line":52,"column":2},"end":{"line":56,"column":null}},"type":"if","locations":[{"start":{"line":52,"column":2},"end":{"line":56,"column":null}},{"start":{},"end":{}}]}},"s":{"0":3,"1":7,"2":7,"3":7,"4":7,"5":7,"6":7,"7":7,"8":7,"9":2,"10":2,"11":2,"12":2,"13":2,"14":0,"15":0,"16":2,"17":7,"18":3,"19":3,"20":7,"21":0,"22":0,"23":0,"24":7,"25":2,"26":5,"27":0,"28":5,"29":0,"30":15},"f":{"0":7,"1":2,"2":2,"3":3,"4":3,"5":0,"6":0,"7":15},"b":{"0":[2,5],"1":[0,5]}}
,"/home/matt/Springboard/capstone-project-two-ad4f5fe1c1bd4f50aea07c40008c09e6/frontend/src/components/SurveyList.jsx": {"path":"/home/matt/Springboard/capstone-project-two-ad4f5fe1c1bd4f50aea07c40008c09e6/frontend/src/components/SurveyList.jsx","statementMap":{"0":{"start":{"line":9,"column":19},"end":{"line":97,"column":null}},"1":{"start":{"line":10,"column":22},"end":{"line":10,"column":null}},"2":{"start":{"line":11,"column":26},"end":{"line":11,"column":null}},"3":{"start":{"line":13,"column":32},"end":{"line":13,"column":null}},"4":{"start":{"line":14,"column":28},"end":{"line":14,"column":null}},"5":{"start":{"line":16,"column":2},"end":{"line":18,"column":null}},"6":{"start":{"line":17,"column":4},"end":{"line":17,"column":null}},"7":{"start":{"line":21,"column":4},"end":{"line":34,"column":null}},"8":{"start":{"line":22,"column":22},"end":{"line":22,"column":null}},"9":{"start":{"line":23,"column":6},"end":{"line":23,"column":null}},"10":{"start":{"line":24,"column":6},"end":{"line":24,"column":null}},"11":{"start":{"line":26,"column":21},"end":{"line":26,"column":null}},"12":{"start":{"line":28,"column":8},"end":{"line":28,"column":null}},"13":{"start":{"line":29,"column":6},"end":{"line":33,"column":null}},"14":{"start":{"line":30,"column":8},"end":{"line":30,"column":null}},"15":{"start":{"line":32,"column":8},"end":{"line":32,"column":null}},"16":{"start":{"line":38,"column":4},"end":{"line":38,"column":null}},"17":{"start":{"line":39,"column":4},"end":{"line":39,"column":null}},"18":{"start":{"line":42,"column":2},"end":{"line":44,"column":null}},"19":{"start":{"line":43,"column":4},"end":{"line":43,"column":null}},"20":{"start":{"line":46,"column":2},"end":{"line":51,"column":null}},"21":{"start":{"line":47,"column":4},"end":{"line":51,"column":null}},"22":{"start":{"line":54,"column":2},"end":{"line":95,"column":null}},"23":{"start":{"line":65,"column":12},"end":{"line":91,"column":null}},"24":{"start":{"line":85,"column":33},"end":{"line":85,"column":null}}},"fnMap":{"0":{"name":"(anonymous_0)","decl":{"start":{"line":9,"column":19},"end":{"line":9,"column":25}},"loc":{"start":{"line":9,"column":25},"end":{"line":97,"column":null}}},"1":{"name":"(anonymous_1)","decl":{"start":{"line":16,"column":12},"end":{"line":16,"column":18}},"loc":{"start":{"line":16,"column":18},"end":{"line":18,"column":5}}},"2":{"name":"findSurveys","decl":{"start":{"line":20,"column":17},"end":{"line":20,"column":31}},"loc":{"start":{"line":20,"column":31},"end":{"line":35,"column":null}}},"3":{"name":"handleClickDelete","decl":{"start":{"line":37,"column":17},"end":{"line":37,"column":35}},"loc":{"start":{"line":37,"column":46},"end":{"line":40,"column":null}}},"4":{"name":"(anonymous_4)","decl":{"start":{"line":64,"column":23},"end":{"line":64,"column":24}},"loc":{"start":{"line":65,"column":12},"end":{"line":91,"column":null}}},"5":{"name":"(anonymous_5)","decl":{"start":{"line":85,"column":27},"end":{"line":85,"column":33}},"loc":{"start":{"line":85,"column":33},"end":{"line":85,"column":null}}}},"branchMap":{"0":{"loc":{"start":{"line":26,"column":21},"end":{"line":26,"column":null}},"type":"cond-expr","locations":[{"start":{"line":26,"column":36},"end":{"line":26,"column":58}},{"start":{"line":26,"column":58},"end":{"line":26,"column":null}}]},"1":{"loc":{"start":{"line":28,"column":8},"end":{"line":28,"column":null}},"type":"binary-expr","locations":[{"start":{"line":28,"column":8},"end":{"line":28,"column":46}},{"start":{"line":28,"column":46},"end":{"line":28,"column":null}}]},"2":{"loc":{"start":{"line":29,"column":6},"end":{"line":33,"column":null}},"type":"if","locations":[{"start":{"line":29,"column":6},"end":{"line":33,"column":null}},{"start":{"line":31,"column":13},"end":{"line":33,"column":null}}]},"3":{"loc":{"start":{"line":42,"column":2},"end":{"line":44,"column":null}},"type":"if","locations":[{"start":{"line":42,"column":2},"end":{"line":44,"column":null}},{"start":{},"end":{}}]},"4":{"loc":{"start":{"line":46,"column":2},"end":{"line":51,"column":null}},"type":"if","locations":[{"start":{"line":46,"column":2},"end":{"line":51,"column":null}},{"start":{},"end":{}}]},"5":{"loc":{"start":{"line":60,"column":7},"end":{"line":93,"column":null}},"type":"cond-expr","locations":[{"start":{"line":61,"column":8},"end":{"line":61,"column":null}},{"start":{"line":63,"column":8},"end":{"line":93,"column":null}}]}},"s":{"0":3,"1":9,"2":9,"3":9,"4":9,"5":9,"6":4,"7":5,"8":5,"9":4,"10":4,"11":1,"12":1,"13":1,"14":1,"15":0,"16":1,"17":1,"18":9,"19":1,"20":8,"21":5,"22":3,"23":5,"24":1},"f":{"0":9,"1":4,"2":5,"3":1,"4":5,"5":1},"b":{"0":[1,0],"1":[1,1],"2":[1,0],"3":[1,8],"4":[5,3],"5":[0,3]}}
,"/home/matt/Springboard/capstone-project-two-ad4f5fe1c1bd4f50aea07c40008c09e6/frontend/src/components/SurveyPublic.jsx": {"path":"/home/matt/Springboard/capstone-project-two-ad4f5fe1c1bd4f50aea07c40008c09e6/frontend/src/components/SurveyPublic.jsx","statementMap":{"0":{"start":{"line":7,"column":21},"end":{"line":80,"column":null}},"1":{"start":{"line":8,"column":19},"end":{"line":8,"column":null}},"2":{"start":{"line":9,"column":33},"end":{"line":9,"column":null}},"3":{"start":{"line":11,"column":30},"end":{"line":11,"column":null}},"4":{"start":{"line":12,"column":40},"end":{"line":12,"column":null}},"5":{"start":{"line":13,"column":36},"end":{"line":13,"column":null}},"6":{"start":{"line":14,"column":36},"end":{"line":14,"column":null}},"7":{"start":{"line":16,"column":2},"end":{"line":29,"column":null}},"8":{"start":{"line":17,"column":28},"end":{"line":26,"column":null}},"9":{"start":{"line":18,"column":6},"end":{"line":25,"column":null}},"10":{"start":{"line":19,"column":24},"end":{"line":19,"column":null}},"11":{"start":{"line":20,"column":8},"end":{"line":20,"column":null}},"12":{"start":{"line":21,"column":8},"end":{"line":21,"column":null}},"13":{"start":{"line":23,"column":8},"end":{"line":23,"column":null}},"14":{"start":{"line":24,"column":8},"end":{"line":24,"column":null}},"15":{"start":{"line":28,"column":4},"end":{"line":28,"column":null}},"16":{"start":{"line":31,"column":31},"end":{"line":36,"column":null}},"17":{"start":{"line":32,"column":4},"end":{"line":35,"column":null}},"18":{"start":{"line":32,"column":37},"end":{"line":35,"column":6}},"19":{"start":{"line":38,"column":23},"end":{"line":47,"column":null}},"20":{"start":{"line":39,"column":4},"end":{"line":39,"column":null}},"21":{"start":{"line":40,"column":26},"end":{"line":40,"column":null}},"22":{"start":{"line":41,"column":27},"end":{"line":44,"column":null}},"23":{"start":{"line":45,"column":4},"end":{"line":45,"column":null}},"24":{"start":{"line":46,"column":4},"end":{"line":46,"column":null}},"25":{"start":{"line":49,"column":2},"end":{"line":49,"column":null}},"26":{"start":{"line":49,"column":19},"end":{"line":49,"column":null}},"27":{"start":{"line":50,"column":2},"end":{"line":54,"column":null}},"28":{"start":{"line":51,"column":4},"end":{"line":54,"column":null}},"29":{"start":{"line":57,"column":2},"end":{"line":78,"column":null}},"30":{"start":{"line":64,"column":12},"end":{"line":71,"column":null}}},"fnMap":{"0":{"name":"(anonymous_0)","decl":{"start":{"line":7,"column":21},"end":{"line":7,"column":27}},"loc":{"start":{"line":7,"column":27},"end":{"line":80,"column":null}}},"1":{"name":"(anonymous_1)","decl":{"start":{"line":16,"column":12},"end":{"line":16,"column":18}},"loc":{"start":{"line":16,"column":18},"end":{"line":29,"column":5}}},"2":{"name":"(anonymous_2)","decl":{"start":{"line":17,"column":28},"end":{"line":17,"column":40}},"loc":{"start":{"line":17,"column":40},"end":{"line":26,"column":null}}},"3":{"name":"(anonymous_3)","decl":{"start":{"line":31,"column":31},"end":{"line":31,"column":32}},"loc":{"start":{"line":31,"column":57},"end":{"line":36,"column":null}}},"4":{"name":"(anonymous_4)","decl":{"start":{"line":32,"column":17},"end":{"line":32,"column":18}},"loc":{"start":{"line":32,"column":37},"end":{"line":35,"column":6}}},"5":{"name":"(anonymous_5)","decl":{"start":{"line":38,"column":23},"end":{"line":38,"column":30}},"loc":{"start":{"line":38,"column":36},"end":{"line":47,"column":null}}},"6":{"name":"(anonymous_6)","decl":{"start":{"line":63,"column":32},"end":{"line":63,"column":33}},"loc":{"start":{"line":64,"column":12},"end":{"line":71,"column":null}}}},"branchMap":{"0":{"loc":{"start":{"line":49,"column":2},"end":{"line":49,"column":null}},"type":"if","locations":[{"start":{"line":49,"column":2},"end":{"line":49,"column":null}},{"start":{},"end":{}}]},"1":{"loc":{"start":{"line":50,"column":2},"end":{"line":54,"column":null}},"type":"if","locations":[{"start":{"line":50,"column":2},"end":{"line":54,"column":null}},{"start":{},"end":{}}]}},"s":{"0":2,"1":1,"2":1,"3":1,"4":1,"5":1,"6":1,"7":1,"8":1,"9":1,"10":1,"11":0,"12":0,"13":0,"14":0,"15":1,"16":1,"17":0,"18":0,"19":1,"20":0,"21":0,"22":0,"23":0,"24":0,"25":1,"26":1,"27":0,"28":0,"29":0,"30":0},"f":{"0":1,"1":1,"2":1,"3":0,"4":0,"5":0,"6":0},"b":{"0":[1,0],"1":[0,0]}}
,"/home/matt/Springboard/capstone-project-two-ad4f5fe1c1bd4f50aea07c40008c09e6/frontend/src/components/Unauthorized.jsx": {"path":"/home/matt/Springboard/capstone-project-two-ad4f5fe1c1bd4f50aea07c40008c09e6/frontend/src/components/Unauthorized.jsx","statementMap":{"0":{"start":{"line":6,"column":21},"end":{"line":37,"column":null}},"1":{"start":{"line":7,"column":19},"end":{"line":7,"column":null}},"2":{"start":{"line":8,"column":26},"end":{"line":8,"column":null}},"3":{"start":{"line":11,"column":4},"end":{"line":15,"column":null}},"4":{"start":{"line":12,"column":6},"end":{"line":12,"column":null}},"5":{"start":{"line":14,"column":6},"end":{"line":14,"column":null}},"6":{"start":{"line":18,"column":2},"end":{"line":35,"column":null}}},"fnMap":{"0":{"name":"(anonymous_0)","decl":{"start":{"line":6,"column":21},"end":{"line":6,"column":27}},"loc":{"start":{"line":6,"column":27},"end":{"line":37,"column":null}}},"1":{"name":"navigateBack","decl":{"start":{"line":10,"column":11},"end":{"line":10,"column":26}},"loc":{"start":{"line":10,"column":26},"end":{"line":16,"column":null}}}},"branchMap":{"0":{"loc":{"start":{"line":11,"column":4},"end":{"line":15,"column":null}},"type":"if","locations":[{"start":{"line":11,"column":4},"end":{"line":15,"column":null}},{"start":{"line":13,"column":11},"end":{"line":15,"column":null}}]},"1":{"loc":{"start":{"line":11,"column":8},"end":{"line":11,"column":39}},"type":"binary-expr","locations":[{"start":{"line":11,"column":8},"end":{"line":11,"column":23}},{"start":{"line":11,"column":23},"end":{"line":11,"column":39}}]}},"s":{"0":3,"1":1,"2":1,"3":0,"4":0,"5":0,"6":1},"f":{"0":1,"1":0},"b":{"0":[0,0],"1":[0,0]}}
,"/home/matt/Springboard/capstone-project-two-ad4f5fe1c1bd4f50aea07c40008c09e6/frontend/src/components/UpdateProfileForm.jsx": {"path":"/home/matt/Springboard/capstone-project-two-ad4f5fe1c1bd4f50aea07c40008c09e6/frontend/src/components/UpdateProfileForm.jsx","statementMap":{"0":{"start":{"line":7,"column":26},"end":{"line":103,"column":null}},"1":{"start":{"line":8,"column":26},"end":{"line":8,"column":null}},"2":{"start":{"line":10,"column":21},"end":{"line":15,"column":null}},"3":{"start":{"line":16,"column":34},"end":{"line":16,"column":null}},"4":{"start":{"line":17,"column":38},"end":{"line":17,"column":null}},"5":{"start":{"line":18,"column":19},"end":{"line":18,"column":null}},"6":{"start":{"line":21,"column":28},"end":{"line":21,"column":null}},"7":{"start":{"line":22,"column":4},"end":{"line":25,"column":null}},"8":{"start":{"line":22,"column":27},"end":{"line":25,"column":6}},"9":{"start":{"line":29,"column":4},"end":{"line":29,"column":null}},"10":{"start":{"line":31,"column":14},"end":{"line":31,"column":null}},"11":{"start":{"line":32,"column":4},"end":{"line":32,"column":null}},"12":{"start":{"line":33,"column":4},"end":{"line":33,"column":null}},"13":{"start":{"line":36,"column":2},"end":{"line":101,"column":null}},"14":{"start":{"line":93,"column":14},"end":{"line":93,"column":null}}},"fnMap":{"0":{"name":"(anonymous_0)","decl":{"start":{"line":7,"column":26},"end":{"line":7,"column":32}},"loc":{"start":{"line":7,"column":32},"end":{"line":103,"column":null}}},"1":{"name":"handleChange","decl":{"start":{"line":20,"column":11},"end":{"line":20,"column":24}},"loc":{"start":{"line":20,"column":27},"end":{"line":26,"column":null}}},"2":{"name":"(anonymous_2)","decl":{"start":{"line":22,"column":16},"end":{"line":22,"column":17}},"loc":{"start":{"line":22,"column":27},"end":{"line":25,"column":6}}},"3":{"name":"handleSubmit","decl":{"start":{"line":28,"column":17},"end":{"line":28,"column":30}},"loc":{"start":{"line":28,"column":33},"end":{"line":34,"column":null}}},"4":{"name":"(anonymous_4)","decl":{"start":{"line":92,"column":28},"end":{"line":92,"column":29}},"loc":{"start":{"line":93,"column":14},"end":{"line":93,"column":null}}}},"branchMap":{"0":{"loc":{"start":{"line":11,"column":11},"end":{"line":11,"column":null}},"type":"binary-expr","locations":[{"start":{"line":11,"column":11},"end":{"line":11,"column":32}},{"start":{"line":11,"column":32},"end":{"line":11,"column":null}}]},"1":{"loc":{"start":{"line":12,"column":16},"end":{"line":12,"column":null}},"type":"binary-expr","locations":[{"start":{"line":12,"column":16},"end":{"line":12,"column":42}},{"start":{"line":12,"column":42},"end":{"line":12,"column":null}}]},"2":{"loc":{"start":{"line":13,"column":15},"end":{"line":13,"column":null}},"type":"binary-expr","locations":[{"start":{"line":13,"column":15},"end":{"line":13,"column":40}},{"start":{"line":13,"column":40},"end":{"line":13,"column":null}}]},"3":{"loc":{"start":{"line":90,"column":9},"end":{"line":96,"column":null}},"type":"cond-expr","locations":[{"start":{"line":91,"column":10},"end":{"line":95,"column":null}},{"start":{"line":96,"column":12},"end":{"line":96,"column":null}}]}},"s":{"0":3,"1":6,"2":6,"3":6,"4":6,"5":6,"6":3,"7":3,"8":3,"9":0,"10":0,"11":0,"12":0,"13":6,"14":0},"f":{"0":6,"1":3,"2":3,"3":0,"4":0},"b":{"0":[6,0],"1":[6,0],"2":[6,0],"3":[0,6]}}
,"/home/matt/Springboard/capstone-project-two-ad4f5fe1c1bd4f50aea07c40008c09e6/frontend/src/components/UserContext.jsx": {"path":"/home/matt/Springboard/capstone-project-two-ad4f5fe1c1bd4f50aea07c40008c09e6/frontend/src/components/UserContext.jsx","statementMap":{"0":{"start":{"line":3,"column":20},"end":{"line":3,"column":null}}},"fnMap":{},"branchMap":{},"s":{"0":8},"f":{},"b":{}}
,"/home/matt/Springboard/capstone-project-two-ad4f5fe1c1bd4f50aea07c40008c09e6/frontend/src/components/XAxisTick.jsx": {"path":"/home/matt/Springboard/capstone-project-two-ad4f5fe1c1bd4f50aea07c40008c09e6/frontend/src/components/XAxisTick.jsx","statementMap":{"0":{"start":{"line":4,"column":17},"end":{"line":23,"column":null}},"1":{"start":{"line":5,"column":16},"end":{"line":5,"column":null}},"2":{"start":{"line":6,"column":13},"end":{"line":6,"column":null}},"3":{"start":{"line":7,"column":16},"end":{"line":7,"column":null}},"4":{"start":{"line":9,"column":2},"end":{"line":19,"column":null}},"5":{"start":{"line":10,"column":21},"end":{"line":10,"column":null}},"6":{"start":{"line":11,"column":22},"end":{"line":11,"column":null}},"7":{"start":{"line":13,"column":4},"end":{"line":18,"column":null}},"8":{"start":{"line":14,"column":6},"end":{"line":14,"column":null}},"9":{"start":{"line":15,"column":6},"end":{"line":15,"column":null}},"10":{"start":{"line":17,"column":6},"end":{"line":17,"column":null}},"11":{"start":{"line":20,"column":2},"end":{"line":20,"column":null}},"12":{"start":{"line":22,"column":2},"end":{"line":22,"column":null}},"13":{"start":{"line":26,"column":21},"end":{"line":31,"column":null}},"14":{"start":{"line":27,"column":17},"end":{"line":27,"column":null}},"15":{"start":{"line":28,"column":18},"end":{"line":28,"column":null}},"16":{"start":{"line":29,"column":2},"end":{"line":29,"column":null}},"17":{"start":{"line":30,"column":2},"end":{"line":30,"column":null}},"18":{"start":{"line":33,"column":18},"end":{"line":53,"column":null}},"19":{"start":{"line":34,"column":19},"end":{"line":34,"column":null}},"20":{"start":{"line":35,"column":16},"end":{"line":35,"column":null}},"21":{"start":{"line":37,"column":2},"end":{"line":51,"column":null}},"22":{"start":{"line":40,"column":8},"end":{"line":49,"column":null}}},"fnMap":{"0":{"name":"(anonymous_0)","decl":{"start":{"line":4,"column":17},"end":{"line":4,"column":18}},"loc":{"start":{"line":4,"column":47},"end":{"line":23,"column":null}}},"1":{"name":"(anonymous_1)","decl":{"start":{"line":26,"column":21},"end":{"line":26,"column":22}},"loc":{"start":{"line":26,"column":41},"end":{"line":31,"column":null}}},"2":{"name":"(anonymous_2)","decl":{"start":{"line":33,"column":18},"end":{"line":33,"column":19}},"loc":{"start":{"line":33,"column":60},"end":{"line":53,"column":null}}},"3":{"name":"(anonymous_3)","decl":{"start":{"line":39,"column":17},"end":{"line":39,"column":18}},"loc":{"start":{"line":40,"column":8},"end":{"line":49,"column":null}}}},"branchMap":{"0":{"loc":{"start":{"line":13,"column":4},"end":{"line":18,"column":null}},"type":"if","locations":[{"start":{"line":13,"column":4},"end":{"line":18,"column":null}},{"start":{"line":16,"column":11},"end":{"line":18,"column":null}}]},"1":{"loc":{"start":{"line":33,"column":36},"end":{"line":33,"column":54}},"type":"default-arg","locations":[{"start":{"line":33,"column":47},"end":{"line":33,"column":54}}]}},"s":{"0":3,"1":0,"2":0,"3":0,"4":0,"5":0,"6":0,"7":0,"8":0,"9":0,"10":0,"11":0,"12":0,"13":3,"14":0,"15":0,"16":0,"17":0,"18":3,"19":0,"20":0,"21":0,"22":0},"f":{"0":0,"1":0,"2":0,"3":0},"b":{"0":[0,0],"1":[0]}}
,"/home/matt/Springboard/capstone-project-two-ad4f5fe1c1bd4f50aea07c40008c09e6/frontend/src/hooks/useLocalStorage.js": {"path":"/home/matt/Springboard/capstone-project-two-ad4f5fe1c1bd4f50aea07c40008c09e6/frontend/src/hooks/useLocalStorage.js","statementMap":{"0":{"start":{"line":4,"column":23},"end":{"line":4,"column":62}},"1":{"start":{"line":5,"column":26},"end":{"line":5,"column":48}},"2":{"start":{"line":7,"column":2},"end":{"line":16,"column":4}},"3":{"start":{"line":9,"column":6},"end":{"line":13,"column":7}},"4":{"start":{"line":10,"column":8},"end":{"line":10,"column":37}},"5":{"start":{"line":12,"column":8},"end":{"line":12,"column":40}},"6":{"start":{"line":18,"column":2},"end":{"line":18,"column":25}}},"fnMap":{"0":{"name":"useLocalStorage","decl":{"start":{"line":3,"column":9},"end":{"line":3,"column":24}},"loc":{"start":{"line":3,"column":49},"end":{"line":19,"column":1}}},"1":{"name":"setKeyInLS","decl":{"start":{"line":8,"column":13},"end":{"line":8,"column":23}},"loc":{"start":{"line":8,"column":26},"end":{"line":14,"column":5}}}},"branchMap":{"0":{"loc":{"start":{"line":3,"column":30},"end":{"line":3,"column":47}},"type":"default-arg","locations":[{"start":{"line":3,"column":43},"end":{"line":3,"column":47}}]},"1":{"loc":{"start":{"line":4,"column":23},"end":{"line":4,"column":62}},"type":"binary-expr","locations":[{"start":{"line":4,"column":23},"end":{"line":4,"column":48}},{"start":{"line":4,"column":52},"end":{"line":4,"column":62}}]},"2":{"loc":{"start":{"line":9,"column":6},"end":{"line":13,"column":7}},"type":"if","locations":[{"start":{"line":9,"column":6},"end":{"line":13,"column":7}},{"start":{"line":11,"column":13},"end":{"line":13,"column":7}}]}},"s":{"0":2,"1":2,"2":2,"3":1,"4":1,"5":0,"6":2},"f":{"0":2,"1":1},"b":{"0":[2],"1":[2,2],"2":[1,0]}}
}
